2022-03-17T13:38:36.734899Z 0 [Warning] TIMESTAMP with implicit DEFAULT value is deprecated. Please use --explicit_defaults_for_timestamp server option (see documentation for more details).
2022-03-17T13:38:36.734981Z 0 [Warning] 'NO_ZERO_DATE', 'NO_ZERO_IN_DATE' and 'ERROR_FOR_DIVISION_BY_ZERO' sql modes should be used with strict mode. They will be merged with strict mode in a future release.
2022-03-17T13:38:36.738708Z 0 [Note] C:\Program Files (x86)\MySQL\MySQL Server 5.7\bin\mysqld.exe (mysqld 5.7.37-log) starting as process 10784 ...
2022-03-17T13:38:36.766474Z 0 [Note] InnoDB: Mutexes and rw_locks use Windows interlocked functions
2022-03-17T13:38:36.769337Z 0 [Note] InnoDB: Uses event mutexes
2022-03-17T13:38:36.771231Z 0 [Note] InnoDB: Memory barrier is not used
2022-03-17T13:38:36.772049Z 0 [Note] InnoDB: Compressed tables use zlib 1.2.11
2022-03-17T13:38:36.772995Z 0 [Note] InnoDB: Adjusting innodb_buffer_pool_instances from 8 to 1 since innodb_buffer_pool_size is less than 1024 MiB
2022-03-17T13:38:36.775023Z 0 [Note] InnoDB: Number of pools: 1
2022-03-17T13:38:36.775959Z 0 [Note] InnoDB: Not using CPU crc32 instructions
2022-03-17T13:38:36.782082Z 0 [Note] InnoDB: Initializing buffer pool, total size = 8M, instances = 1, chunk size = 8M
2022-03-17T13:38:36.785941Z 0 [Note] InnoDB: Completed initialization of buffer pool
2022-03-17T13:38:36.832015Z 0 [Note] InnoDB: Highest supported file format is Barracuda.
2022-03-17T13:38:36.923239Z 0 [Note] InnoDB: Creating shared tablespace for temporary tables
2022-03-17T13:38:36.925028Z 0 [Note] InnoDB: Setting file '.\ibtmp1' size to 12 MB. Physically writing the file full; Please wait ...
2022-03-17T13:38:36.963081Z 0 [Note] InnoDB: File '.\ibtmp1' size is now 12 MB.
2022-03-17T13:38:36.966860Z 0 [Note] InnoDB: 96 redo rollback segment(s) found. 96 redo rollback segment(s) are active.
2022-03-17T13:38:36.968463Z 0 [Note] InnoDB: 32 non-redo rollback segment(s) are active.
2022-03-17T13:38:36.970016Z 0 [Note] InnoDB: Waiting for purge to start
2022-03-17T13:38:37.030812Z 0 [Note] InnoDB: 5.7.37 started; log sequence number 2749985
2022-03-17T13:38:37.032397Z 0 [Note] InnoDB: Loading buffer pool(s) from C:\ProgramData\MySQL\MySQL Server 5.7\Data\ib_buffer_pool
2022-03-17T13:38:37.032536Z 0 [Note] Plugin 'FEDERATED' is disabled.
2022-03-17T13:38:37.055125Z 0 [Note] Found ca.pem, server-cert.pem and server-key.pem in data directory. Trying to enable SSL support using them.
2022-03-17T13:38:37.057378Z 0 [Note] Skipping generation of SSL certificates as certificate files are present in data directory.
2022-03-17T13:38:37.058960Z 0 [Warning] A deprecated TLS version TLSv1 is enabled. Please use TLSv1.2 or higher.
2022-03-17T13:38:37.059491Z 0 [Note] InnoDB: Buffer pool(s) load completed at 220317 10:38:37
2022-03-17T13:38:37.060426Z 0 [Warning] A deprecated TLS version TLSv1.1 is enabled. Please use TLSv1.2 or higher.
2022-03-17T13:38:37.064538Z 0 [Warning] CA certificate ca.pem is self signed.
2022-03-17T13:38:37.065649Z 0 [Note] Skipping generation of RSA key pair as key files are present in data directory.
2022-03-17T13:38:37.067287Z 0 [Note] Server hostname (bind-address): '*'; port: 3306
2022-03-17T13:38:37.068724Z 0 [Note] IPv6 is available.
2022-03-17T13:38:37.069944Z 0 [Note]   - '::' resolves to '::';
2022-03-17T13:38:37.070800Z 0 [Note] Server socket created on IP: '::'.
2022-03-17T13:38:37.123064Z 0 [Note] Failed to start slave threads for channel ''
2022-03-17T13:38:37.148069Z 0 [Note] Event Scheduler: Loaded 0 events
2022-03-17T13:38:37.149150Z 0 [Note] C:\Program Files (x86)\MySQL\MySQL Server 5.7\bin\mysqld.exe: ready for connections.
Version: '5.7.37-log'  socket: ''  port: 3306  MySQL Community Server (GPL)
2022-03-17T13:38:38.246488Z 4 [Note] Access denied for user 'root'@'localhost' (using password: NO)
2022-03-17T13:39:15.053106Z 5 [Note] Access denied for user 'root'@'localhost' (using password: YES)
2022-03-17T13:39:15.352940Z 6 [Note] Access denied for user 'root'@'localhost' (using password: YES)
2022-03-17T13:51:00.406493Z 10 [Note] Access denied for user 'root'@'localhost' (using password: NO)
2022-03-17T14:10:45.460825Z 0 [Note] C:\Program Files (x86)\MySQL\MySQL Server 5.7\bin\mysqld.exe: Normal shutdown

2022-03-17T14:10:45.464016Z 0 [Note] Giving 0 client threads a chance to die gracefully
2022-03-17T14:10:45.466275Z 0 [Note] Shutting down slave threads
2022-03-17T14:10:45.467384Z 0 [Note] Forcefully disconnecting 0 remaining clients
2022-03-17T14:10:45.469019Z 0 [Note] Event Scheduler: Purging the queue. 0 events
2022-03-17T14:10:45.471421Z 0 [Note] Binlog end
2022-03-17T14:10:45.477728Z 0 [Note] Shutting down plugin 'ngram'
2022-03-17T14:10:45.478861Z 0 [Note] Shutting down plugin 'partition'
2022-03-17T14:10:45.479986Z 0 [Note] Shutting down plugin 'BLACKHOLE'
2022-03-17T14:10:45.481183Z 0 [Note] Shutting down plugin 'ARCHIVE'
2022-03-17T14:10:45.482461Z 0 [Note] Shutting down plugin 'PERFORMANCE_SCHEMA'
2022-03-17T14:10:45.483970Z 0 [Note] Shutting down plugin 'MRG_MYISAM'
2022-03-17T14:10:45.485216Z 0 [Note] Shutting down plugin 'MyISAM'
2022-03-17T14:10:45.486409Z 0 [Note] Shutting down plugin 'INNODB_SYS_VIRTUAL'
2022-03-17T14:10:45.487737Z 0 [Note] Shutting down plugin 'INNODB_SYS_DATAFILES'
2022-03-17T14:10:45.489073Z 0 [Note] Shutting down plugin 'INNODB_SYS_TABLESPACES'
2022-03-17T14:10:45.490433Z 0 [Note] Shutting down plugin 'INNODB_SYS_FOREIGN_COLS'
2022-03-17T14:10:45.491882Z 0 [Note] Shutting down plugin 'INNODB_SYS_FOREIGN'
2022-03-17T14:10:45.493620Z 0 [Note] Shutting down plugin 'INNODB_SYS_FIELDS'
2022-03-17T14:10:45.494921Z 0 [Note] Shutting down plugin 'INNODB_SYS_COLUMNS'
2022-03-17T14:10:45.496227Z 0 [Note] Shutting down plugin 'INNODB_SYS_INDEXES'
2022-03-17T14:10:45.497606Z 0 [Note] Shutting down plugin 'INNODB_SYS_TABLESTATS'
2022-03-17T14:10:45.499223Z 0 [Note] Shutting down plugin 'INNODB_SYS_TABLES'
2022-03-17T14:10:45.501011Z 0 [Note] Shutting down plugin 'INNODB_FT_INDEX_TABLE'
2022-03-17T14:10:45.502806Z 0 [Note] Shutting down plugin 'INNODB_FT_INDEX_CACHE'
2022-03-17T14:10:45.504191Z 0 [Note] Shutting down plugin 'INNODB_FT_CONFIG'
2022-03-17T14:10:45.553181Z 0 [Note] Shutting down plugin 'INNODB_FT_BEING_DELETED'
2022-03-17T14:10:45.555712Z 0 [Note] Shutting down plugin 'INNODB_FT_DELETED'
2022-03-17T14:10:45.557115Z 0 [Note] Shutting down plugin 'INNODB_FT_DEFAULT_STOPWORD'
2022-03-17T14:10:45.562380Z 0 [Note] Shutting down plugin 'INNODB_METRICS'
2022-03-17T14:10:45.565222Z 0 [Note] Shutting down plugin 'INNODB_TEMP_TABLE_INFO'
2022-03-17T14:10:45.566821Z 0 [Note] Shutting down plugin 'INNODB_BUFFER_POOL_STATS'
2022-03-17T14:10:45.568218Z 0 [Note] Shutting down plugin 'INNODB_BUFFER_PAGE_LRU'
2022-03-17T14:10:45.570409Z 0 [Note] Shutting down plugin 'INNODB_BUFFER_PAGE'
2022-03-17T14:10:45.572935Z 0 [Note] Shutting down plugin 'INNODB_CMP_PER_INDEX_RESET'
2022-03-17T14:10:45.578726Z 0 [Note] Shutting down plugin 'INNODB_CMP_PER_INDEX'
2022-03-17T14:10:45.580487Z 0 [Note] Shutting down plugin 'INNODB_CMPMEM_RESET'
2022-03-17T14:10:45.582960Z 0 [Note] Shutting down plugin 'INNODB_CMPMEM'
2022-03-17T14:10:45.585393Z 0 [Note] Shutting down plugin 'INNODB_CMP_RESET'
2022-03-17T14:10:45.586828Z 0 [Note] Shutting down plugin 'INNODB_CMP'
2022-03-17T14:10:45.588012Z 0 [Note] Shutting down plugin 'INNODB_LOCK_WAITS'
2022-03-17T14:10:45.589379Z 0 [Note] Shutting down plugin 'INNODB_LOCKS'
2022-03-17T14:10:45.590718Z 0 [Note] Shutting down plugin 'INNODB_TRX'
2022-03-17T14:10:45.591805Z 0 [Note] Shutting down plugin 'InnoDB'
2022-03-17T14:10:45.594383Z 0 [Note] InnoDB: FTS optimize thread exiting.
2022-03-17T14:10:45.596071Z 0 [Note] InnoDB: Starting shutdown...
2022-03-17T14:10:45.724562Z 0 [Note] InnoDB: Dumping buffer pool(s) to C:\ProgramData\MySQL\MySQL Server 5.7\Data\ib_buffer_pool
2022-03-17T14:10:45.730673Z 0 [Note] InnoDB: Buffer pool(s) dump completed at 220317 11:10:45
2022-03-17T14:10:46.793528Z 0 [Note] InnoDB: Shutdown completed; log sequence number 2825029
2022-03-17T14:10:46.796501Z 0 [Note] InnoDB: Removed temporary tablespace data file: "ibtmp1"
2022-03-17T14:10:46.798426Z 0 [Note] Shutting down plugin 'MEMORY'
2022-03-17T14:10:46.800043Z 0 [Note] Shutting down plugin 'CSV'
2022-03-17T14:10:46.801074Z 0 [Note] Shutting down plugin 'sha256_password'
2022-03-17T14:10:46.803420Z 0 [Note] Shutting down plugin 'mysql_native_password'
2022-03-17T14:10:46.805905Z 0 [Note] Shutting down plugin 'binlog'
2022-03-17T14:10:46.811692Z 0 [Note] C:\Program Files (x86)\MySQL\MySQL Server 5.7\bin\mysqld.exe: Shutdown complete

2022-03-17T14:11:12.442186Z 0 [Warning] TIMESTAMP with implicit DEFAULT value is deprecated. Please use --explicit_defaults_for_timestamp server option (see documentation for more details).
2022-03-17T14:11:12.444251Z 0 [Warning] 'NO_ZERO_DATE', 'NO_ZERO_IN_DATE' and 'ERROR_FOR_DIVISION_BY_ZERO' sql modes should be used with strict mode. They will be merged with strict mode in a future release.
2022-03-17T14:11:12.456061Z 0 [Note] C:\Program Files (x86)\MySQL\MySQL Server 5.7\bin\mysqld.exe (mysqld 5.7.37-log) starting as process 4680 ...
2022-03-17T14:11:12.579464Z 0 [Note] InnoDB: Mutexes and rw_locks use Windows interlocked functions
2022-03-17T14:11:12.581721Z 0 [Note] InnoDB: Uses event mutexes
2022-03-17T14:11:12.582956Z 0 [Note] InnoDB: Memory barrier is not used
2022-03-17T14:11:12.584353Z 0 [Note] InnoDB: Compressed tables use zlib 1.2.11
2022-03-17T14:11:12.585835Z 0 [Note] InnoDB: Adjusting innodb_buffer_pool_instances from 8 to 1 since innodb_buffer_pool_size is less than 1024 MiB
2022-03-17T14:11:12.657405Z 0 [Note] InnoDB: Number of pools: 1
2022-03-17T14:11:12.664805Z 0 [Note] InnoDB: Not using CPU crc32 instructions
2022-03-17T14:11:12.673579Z 0 [Note] InnoDB: Initializing buffer pool, total size = 8M, instances = 1, chunk size = 8M
2022-03-17T14:11:12.679132Z 0 [Note] InnoDB: Completed initialization of buffer pool
2022-03-17T14:11:12.879094Z 0 [Note] InnoDB: Highest supported file format is Barracuda.
2022-03-17T14:11:13.459488Z 0 [Note] InnoDB: Creating shared tablespace for temporary tables
2022-03-17T14:11:13.464258Z 0 [Note] InnoDB: Setting file '.\ibtmp1' size to 12 MB. Physically writing the file full; Please wait ...
2022-03-17T14:11:13.597764Z 0 [Note] InnoDB: File '.\ibtmp1' size is now 12 MB.
2022-03-17T14:11:13.608404Z 0 [Note] InnoDB: 96 redo rollback segment(s) found. 96 redo rollback segment(s) are active.
2022-03-17T14:11:13.617293Z 0 [Note] InnoDB: 32 non-redo rollback segment(s) are active.
2022-03-17T14:11:13.624312Z 0 [Note] InnoDB: Waiting for purge to start
2022-03-17T14:11:13.718345Z 0 [Note] InnoDB: 5.7.37 started; log sequence number 2825029
2022-03-17T14:11:13.722885Z 0 [Note] Plugin 'FEDERATED' is disabled.
2022-03-17T14:11:13.745421Z 0 [Note] InnoDB: Loading buffer pool(s) from C:\ProgramData\MySQL\MySQL Server 5.7\Data\ib_buffer_pool
2022-03-17T14:11:13.748755Z 0 [Note] InnoDB: Buffer pool(s) load completed at 220317 11:11:13
2022-03-17T14:11:13.864288Z 0 [Note] Found ca.pem, server-cert.pem and server-key.pem in data directory. Trying to enable SSL support using them.
2022-03-17T14:11:13.866815Z 0 [Note] Skipping generation of SSL certificates as certificate files are present in data directory.
2022-03-17T14:11:13.869092Z 0 [Warning] A deprecated TLS version TLSv1 is enabled. Please use TLSv1.2 or higher.
2022-03-17T14:11:13.871333Z 0 [Warning] A deprecated TLS version TLSv1.1 is enabled. Please use TLSv1.2 or higher.
2022-03-17T14:11:13.893833Z 0 [Warning] CA certificate ca.pem is self signed.
2022-03-17T14:11:13.896635Z 0 [Note] Skipping generation of RSA key pair as key files are present in data directory.
2022-03-17T14:11:13.899805Z 0 [Note] Server hostname (bind-address): '*'; port: 3306
2022-03-17T14:11:13.902019Z 0 [Note] IPv6 is available.
2022-03-17T14:11:13.903208Z 0 [Note]   - '::' resolves to '::';
2022-03-17T14:11:13.904780Z 0 [Note] Server socket created on IP: '::'.
2022-03-17T14:11:14.072348Z 0 [Note] Failed to start slave threads for channel ''
2022-03-17T14:11:14.358022Z 0 [Note] Event Scheduler: Loaded 0 events
2022-03-17T14:11:14.359985Z 0 [Note] C:\Program Files (x86)\MySQL\MySQL Server 5.7\bin\mysqld.exe: ready for connections.
Version: '5.7.37-log'  socket: ''  port: 3306  MySQL Community Server (GPL)
2022-03-17T15:51:41.554047Z 4 [Note] Aborted connection 4 to db: 'wkdb' user: 'root' host: 'localhost' (Got an error reading communication packets)
2022-03-17T18:09:33.261575Z 8 [Note] Aborted connection 8 to db: 'wkdb' user: 'root' host: 'localhost' (Got an error reading communication packets)
2022-03-17T18:10:46.080275Z 9 [Note] Aborted connection 9 to db: 'wkdb' user: 'root' host: 'localhost' (Got an error reading communication packets)
2022-03-17T18:12:21.857574Z 10 [Note] Aborted connection 10 to db: 'wkdb' user: 'root' host: 'localhost' (Got an error reading communication packets)
2022-03-17T18:20:40.253355Z 11 [Note] Aborted connection 11 to db: 'wkdb' user: 'root' host: 'localhost' (Got an error reading communication packets)
2022-03-17T18:32:10.484387Z 12 [Note] Aborted connection 12 to db: 'wkdb' user: 'root' host: 'localhost' (Got an error reading communication packets)
2022-03-17T18:35:34.980884Z 14 [Note] Aborted connection 14 to db: 'wkdb' user: 'root' host: 'localhost' (Got an error reading communication packets)
2022-03-18T04:05:50.530369Z 34 [Note] Aborted connection 34 to db: 'wkdb' user: 'root' host: 'localhost' (Got an error reading communication packets)
2022-03-18T04:32:21.077036Z 68 [Note] Aborted connection 68 to db: 'wkdb' user: 'root' host: 'localhost' (Got an error reading communication packets)
2022-03-18T04:36:10.361936Z 73 [Note] Aborted connection 73 to db: 'wkdb' user: 'root' host: 'localhost' (Got an error reading communication packets)
2022-03-18T05:15:41.307921Z 162 [Note] Aborted connection 162 to db: 'wkdb' user: 'root' host: 'localhost' (Got an error reading communication packets)
